<?xml version="1.0" encoding="UTF-8"?>
<!-- Generated by org.testng.reporters.JUnitReportReporter -->
<testsuite skipped="0" hostname="DESKTOP-IT4F933" name="TestCases.SeleniumTest" tests="2" failures="0" timestamp="2020-04-13T10:41:52 SGT" time="0.016" errors="0">
  <testcase name="BrowserAutomaiton" time="0.014" classname="TestCases.SeleniumTest"/>
  <system-out/>
  <testcase name="elementsUI" time="0.002" classname="TestCases.SeleniumTest"/>
  <system-out/>
</testsuite> <!-- TestCases.SeleniumTest -->
