<?xml version="1.0" encoding="UTF-8"?>
<!-- Generated by org.testng.reporters.JUnitReportReporter -->
<testsuite skipped="0" hostname="DESKTOP-IT4F933" name="TestCases.AppiumTest" tests="2" failures="0" timestamp="2020-04-13T10:44:17 SGT" time="0.002" errors="0">
  <testcase name="NativeAPPAndroid" time="0.002" classname="TestCases.AppiumTest"/>
  <system-out/>
  <testcase name="IOSApps" time="0.000" classname="TestCases.AppiumTest"/>
  <system-out/>
</testsuite> <!-- TestCases.AppiumTest -->
