<?xml version="1.0" encoding="UTF-8"?>
<!-- Generated by org.testng.reporters.JUnitReportReporter -->
<testsuite skipped="0" hostname="DESKTOP-IT4F933" name="TestCases.RestAPITest" tests="2" failures="0" timestamp="2020-04-13T10:44:17 SGT" time="0.001" errors="0">
  <testcase name="postJirsa" time="0.000" classname="TestCases.RestAPITest"/>
  <system-out/>
  <testcase name="DeleteTwitter" time="0.001" classname="TestCases.RestAPITest"/>
  <system-out/>
</testsuite> <!-- TestCases.RestAPITest -->
